\BOOKMARK [0][-]{chapter.1}{\376\377\0001\000\040\000D\000a\000t\000a\000\040\000S\000t\000r\000u\000c\000t\000u\000r\000e\000\040\000I\000n\000d\000e\000x}{}% 1
\BOOKMARK [1][-]{section.1.1}{\376\377\0001\000.\0001\000\040\000D\000a\000t\000a\000\040\000S\000t\000r\000u\000c\000t\000u\000r\000e\000s}{chapter.1}% 2
\BOOKMARK [0][-]{chapter.2}{\376\377\0002\000\040\000F\000i\000l\000e\000\040\000I\000n\000d\000e\000x}{}% 3
\BOOKMARK [1][-]{section.2.1}{\376\377\0002\000.\0001\000\040\000F\000i\000l\000e\000\040\000L\000i\000s\000t}{chapter.2}% 4
\BOOKMARK [0][-]{chapter.3}{\376\377\0003\000\040\000D\000a\000t\000a\000\040\000S\000t\000r\000u\000c\000t\000u\000r\000e\000\040\000D\000o\000c\000u\000m\000e\000n\000t\000a\000t\000i\000o\000n}{}% 5
\BOOKMARK [1][-]{section.3.1}{\376\377\0003\000.\0001\000\040\000m\000y\000q\000u\000e\000u\000e\000\040\000S\000t\000r\000u\000c\000t\000\040\000R\000e\000f\000e\000r\000e\000n\000c\000e}{chapter.3}% 6
\BOOKMARK [2][-]{subsection.3.1.1}{\376\377\0003\000.\0001\000.\0001\000\040\000F\000i\000e\000l\000d\000\040\000D\000o\000c\000u\000m\000e\000n\000t\000a\000t\000i\000o\000n}{section.3.1}% 7
\BOOKMARK [3][-]{subsubsection.3.1.1.1}{\376\377\0003\000.\0001\000.\0001\000.\0001\000\040\000c\000a\000p\000a\000c\000i\000t\000y}{subsection.3.1.1}% 8
\BOOKMARK [3][-]{subsubsection.3.1.1.2}{\376\377\0003\000.\0001\000.\0001\000.\0002\000\040\000f\000r\000o\000n\000t}{subsection.3.1.1}% 9
\BOOKMARK [3][-]{subsubsection.3.1.1.3}{\376\377\0003\000.\0001\000.\0001\000.\0003\000\040\000q\000u\000e\000u\000e}{subsection.3.1.1}% 10
\BOOKMARK [3][-]{subsubsection.3.1.1.4}{\376\377\0003\000.\0001\000.\0001\000.\0004\000\040\000r\000e\000a\000r}{subsection.3.1.1}% 11
\BOOKMARK [1][-]{section.3.2}{\376\377\0003\000.\0002\000\040\000Q\000u\000e\000u\000e\000S\000y\000s\000t\000e\000m\000\040\000S\000t\000r\000u\000c\000t\000\040\000R\000e\000f\000e\000r\000e\000n\000c\000e}{chapter.3}% 12
\BOOKMARK [2][-]{subsection.3.2.1}{\376\377\0003\000.\0002\000.\0001\000\040\000F\000i\000e\000l\000d\000\040\000D\000o\000c\000u\000m\000e\000n\000t\000a\000t\000i\000o\000n}{section.3.2}% 13
\BOOKMARK [3][-]{subsubsection.3.2.1.1}{\376\377\0003\000.\0002\000.\0001\000.\0001\000\040\000a\000r\000e\000a\000\137\000n\000u\000m\000\137\000i\000n\000\137\000q}{subsection.3.2.1}% 14
\BOOKMARK [3][-]{subsubsection.3.2.1.2}{\376\377\0003\000.\0002\000.\0001\000.\0002\000\040\000a\000r\000e\000a\000\137\000s\000e\000r\000v\000e\000r\000\137\000s\000t\000a\000t\000u\000s}{subsection.3.2.1}% 15
\BOOKMARK [3][-]{subsubsection.3.2.1.3}{\376\377\0003\000.\0002\000.\0001\000.\0003\000\040\000c\000i\000r\000c\000u\000l\000a\000r\000Q\000u\000e\000u\000e}{subsection.3.2.1}% 16
\BOOKMARK [3][-]{subsubsection.3.2.1.4}{\376\377\0003\000.\0002\000.\0001\000.\0004\000\040\000i\000d\000s\000e\000q}{subsection.3.2.1}% 17
\BOOKMARK [3][-]{subsubsection.3.2.1.5}{\376\377\0003\000.\0002\000.\0001\000.\0005\000\040\000l\000o\000s\000t\000\137\000c\000u\000s\000t\000o\000m\000e\000r\000s}{subsection.3.2.1}% 18
\BOOKMARK [3][-]{subsubsection.3.2.1.6}{\376\377\0003\000.\0002\000.\0001\000.\0006\000\040\000m\000e\000a\000n\000\137\000i\000n\000t\000e\000r\000a\000r\000r\000i\000v\000a\000l}{subsection.3.2.1}% 19
\BOOKMARK [3][-]{subsubsection.3.2.1.7}{\376\377\0003\000.\0002\000.\0001\000.\0007\000\040\000m\000e\000a\000n\000\137\000s\000e\000r\000v\000i\000c\000e}{subsection.3.2.1}% 20
\BOOKMARK [3][-]{subsubsection.3.2.1.8}{\376\377\0003\000.\0002\000.\0001\000.\0008\000\040\000n\000e\000x\000t\000\137\000e\000v\000e\000n\000t\000\137\000t\000y\000p\000e}{subsection.3.2.1}% 21
\BOOKMARK [3][-]{subsubsection.3.2.1.9}{\376\377\0003\000.\0002\000.\0001\000.\0009\000\040\000n\000u\000m\000\137\000c\000u\000s\000t\000s\000\137\000d\000e\000l\000a\000y\000e\000d}{subsection.3.2.1}% 22
\BOOKMARK [3][-]{subsubsection.3.2.1.10}{\376\377\0003\000.\0002\000.\0001\000.\0001\0000\000\040\000n\000u\000m\000\137\000d\000e\000l\000a\000y\000s\000\137\000r\000e\000q\000u\000i\000r\000e\000d}{subsection.3.2.1}% 23
\BOOKMARK [3][-]{subsubsection.3.2.1.11}{\376\377\0003\000.\0002\000.\0001\000.\0001\0001\000\040\000n\000u\000m\000\137\000e\000v\000e\000n\000t\000s}{subsection.3.2.1}% 24
\BOOKMARK [3][-]{subsubsection.3.2.1.12}{\376\377\0003\000.\0002\000.\0001\000.\0001\0002\000\040\000n\000u\000m\000\137\000s\000e\000r\000v\000e\000r\000s}{subsection.3.2.1}% 25
\BOOKMARK [3][-]{subsubsection.3.2.1.13}{\376\377\0003\000.\0002\000.\0001\000.\0001\0003\000\040\000s\000e\000r\000v\000e\000r\000\137\000s\000t\000a\000t\000u\000s}{subsection.3.2.1}% 26
\BOOKMARK [3][-]{subsubsection.3.2.1.14}{\376\377\0003\000.\0002\000.\0001\000.\0001\0004\000\040\000s\000i\000m\000\137\000t\000i\000m\000e}{subsection.3.2.1}% 27
\BOOKMARK [3][-]{subsubsection.3.2.1.15}{\376\377\0003\000.\0002\000.\0001\000.\0001\0005\000\040\000t\000i\000m\000e\000\137\000a\000r\000r\000i\000v\000a\000l}{subsection.3.2.1}% 28
\BOOKMARK [3][-]{subsubsection.3.2.1.16}{\376\377\0003\000.\0002\000.\0001\000.\0001\0006\000\040\000t\000i\000m\000e\000\137\000l\000a\000s\000t\000\137\000e\000v\000e\000n\000t}{subsection.3.2.1}% 29
\BOOKMARK [3][-]{subsubsection.3.2.1.17}{\376\377\0003\000.\0002\000.\0001\000.\0001\0007\000\040\000t\000i\000m\000e\000\137\000n\000e\000x\000t\000\137\000e\000v\000e\000n\000t}{subsection.3.2.1}% 30
\BOOKMARK [3][-]{subsubsection.3.2.1.18}{\376\377\0003\000.\0002\000.\0001\000.\0001\0008\000\040\000t\000o\000t\000a\000l\000\137\000o\000f\000\137\000d\000e\000l\000a\000y\000s}{subsection.3.2.1}% 31
\BOOKMARK [3][-]{subsubsection.3.2.1.19}{\376\377\0003\000.\0002\000.\0001\000.\0001\0009\000\040\000w\000i\000t\000h\000\137\000q\000u\000e\000u\000e}{subsection.3.2.1}% 32
\BOOKMARK [0][-]{chapter.4}{\376\377\0004\000\040\000F\000i\000l\000e\000\040\000D\000o\000c\000u\000m\000e\000n\000t\000a\000t\000i\000o\000n}{}% 33
\BOOKMARK [1][-]{section.4.1}{\376\377\0004\000.\0001\000\040\000f\000i\000l\000a\0001\000s\000.\000c\000\040\000F\000i\000l\000e\000\040\000R\000e\000f\000e\000r\000e\000n\000c\000e}{chapter.4}% 34
\BOOKMARK [2][-]{subsection.4.1.1}{\376\377\0004\000.\0001\000.\0001\000\040\000M\000a\000c\000r\000o\000\040\000D\000e\000f\000i\000n\000i\000t\000i\000o\000n\000\040\000D\000o\000c\000u\000m\000e\000n\000t\000a\000t\000i\000o\000n}{section.4.1}% 35
\BOOKMARK [3][-]{subsubsection.4.1.1.1}{\376\377\0004\000.\0001\000.\0001\000.\0001\000\040\000B\000U\000S\000Y}{subsection.4.1.1}% 36
\BOOKMARK [3][-]{subsubsection.4.1.1.2}{\376\377\0004\000.\0001\000.\0001\000.\0002\000\040\000I\000D\000L\000E}{subsection.4.1.1}% 37
\BOOKMARK [3][-]{subsubsection.4.1.1.3}{\376\377\0004\000.\0001\000.\0001\000.\0003\000\040\000I\000N\000F\000I\000N\000I\000T\000O}{subsection.4.1.1}% 38
\BOOKMARK [3][-]{subsubsection.4.1.1.4}{\376\377\0004\000.\0001\000.\0001\000.\0004\000\040\000Q\000\137\000L\000I\000M\000I\000T}{subsection.4.1.1}% 39
\BOOKMARK [2][-]{subsection.4.1.2}{\376\377\0004\000.\0001\000.\0002\000\040\000F\000u\000n\000c\000t\000i\000o\000n\000\040\000D\000o\000c\000u\000m\000e\000n\000t\000a\000t\000i\000o\000n}{section.4.1}% 40
\BOOKMARK [3][-]{subsubsection.4.1.2.1}{\376\377\0004\000.\0001\000.\0002\000.\0001\000\040\000a\000r\000r\000i\000v\000e\000\050\000\051}{subsection.4.1.2}% 41
\BOOKMARK [3][-]{subsubsection.4.1.2.2}{\376\377\0004\000.\0001\000.\0002\000.\0002\000\040\000d\000e\000p\000a\000r\000t\000\050\000\051}{subsection.4.1.2}% 42
\BOOKMARK [3][-]{subsubsection.4.1.2.3}{\376\377\0004\000.\0001\000.\0002\000.\0003\000\040\000e\000x\000p\000o\000n\000\050\000\051}{subsection.4.1.2}% 43
\BOOKMARK [3][-]{subsubsection.4.1.2.4}{\376\377\0004\000.\0001\000.\0002\000.\0004\000\040\000i\000n\000i\000t\000i\000a\000l\000i\000z\000e\000\050\000\051}{subsection.4.1.2}% 44
\BOOKMARK [3][-]{subsubsection.4.1.2.5}{\376\377\0004\000.\0001\000.\0002\000.\0005\000\040\000m\000a\000i\000n\000\050\000\051}{subsection.4.1.2}% 45
\BOOKMARK [3][-]{subsubsection.4.1.2.6}{\376\377\0004\000.\0001\000.\0002\000.\0006\000\040\000r\000e\000p\000o\000r\000t\000\050\000\051}{subsection.4.1.2}% 46
\BOOKMARK [3][-]{subsubsection.4.1.2.7}{\376\377\0004\000.\0001\000.\0002\000.\0007\000\040\000s\000e\000l\000e\000c\000t\000F\000r\000e\000e\000S\000e\000r\000v\000e\000r\000\050\000\051}{subsection.4.1.2}% 47
\BOOKMARK [3][-]{subsubsection.4.1.2.8}{\376\377\0004\000.\0001\000.\0002\000.\0008\000\040\000t\000i\000m\000i\000n\000g\000\050\000\051}{subsection.4.1.2}% 48
\BOOKMARK [3][-]{subsubsection.4.1.2.9}{\376\377\0004\000.\0001\000.\0002\000.\0009\000\040\000u\000p\000d\000a\000t\000e\000\137\000t\000i\000m\000e\000\137\000a\000v\000g\000\137\000s\000t\000a\000t\000s\000\050\000\051}{subsection.4.1.2}% 49
\BOOKMARK [1][-]{section.4.2}{\376\377\0004\000.\0002\000\040\000f\000i\000l\000a\000\137\000c\000i\000r\000c\000u\000l\000a\000r\000.\000c\000\040\000F\000i\000l\000e\000\040\000R\000e\000f\000e\000r\000e\000n\000c\000e}{chapter.4}% 50
\BOOKMARK [2][-]{subsection.4.2.1}{\376\377\0004\000.\0002\000.\0001\000\040\000F\000u\000n\000c\000t\000i\000o\000n\000\040\000D\000o\000c\000u\000m\000e\000n\000t\000a\000t\000i\000o\000n}{section.4.2}% 51
\BOOKMARK [3][-]{subsubsection.4.2.1.1}{\376\377\0004\000.\0002\000.\0001\000.\0001\000\040\000c\000h\000e\000c\000k\000E\000m\000p\000t\000y\000\050\000\051}{subsection.4.2.1}% 52
\BOOKMARK [3][-]{subsubsection.4.2.1.2}{\376\377\0004\000.\0002\000.\0001\000.\0002\000\040\000c\000h\000e\000c\000k\000F\000u\000l\000l\000\050\000\051}{subsection.4.2.1}% 53
\BOOKMARK [3][-]{subsubsection.4.2.1.3}{\376\377\0004\000.\0002\000.\0001\000.\0003\000\040\000d\000e\000Q\000u\000e\000u\000e\000\050\000\051}{subsection.4.2.1}% 54
\BOOKMARK [3][-]{subsubsection.4.2.1.4}{\376\377\0004\000.\0002\000.\0001\000.\0004\000\040\000e\000n\000Q\000u\000e\000u\000e\000\050\000\051}{subsection.4.2.1}% 55
\BOOKMARK [3][-]{subsubsection.4.2.1.5}{\376\377\0004\000.\0002\000.\0001\000.\0005\000\040\000f\000r\000e\000e\000Q\000u\000e\000u\000e\000\050\000\051}{subsection.4.2.1}% 56
\BOOKMARK [3][-]{subsubsection.4.2.1.6}{\376\377\0004\000.\0002\000.\0001\000.\0006\000\040\000g\000e\000t\000C\000a\000p\000a\000c\000i\000t\000y\000\050\000\051}{subsection.4.2.1}% 57
\BOOKMARK [3][-]{subsubsection.4.2.1.7}{\376\377\0004\000.\0002\000.\0001\000.\0007\000\040\000g\000e\000t\000S\000i\000z\000e\000\050\000\051}{subsection.4.2.1}% 58
\BOOKMARK [3][-]{subsubsection.4.2.1.8}{\376\377\0004\000.\0002\000.\0001\000.\0008\000\040\000i\000n\000i\000c\000Q\000u\000e\000u\000e\000\050\000\051}{subsection.4.2.1}% 59
\BOOKMARK [3][-]{subsubsection.4.2.1.9}{\376\377\0004\000.\0002\000.\0001\000.\0009\000\040\000p\000r\000i\000n\000t\000Q\000u\000e\000u\000e\000\050\000\051}{subsection.4.2.1}% 60
\BOOKMARK [3][-]{subsubsection.4.2.1.10}{\376\377\0004\000.\0002\000.\0001\000.\0001\0000\000\040\000r\000e\000s\000i\000z\000e\000Q\000u\000e\000u\000e\000\050\000\051}{subsection.4.2.1}% 61
\BOOKMARK [1][-]{section.4.3}{\376\377\0004\000.\0003\000\040\000f\000i\000l\000a\000\137\000c\000i\000r\000c\000u\000l\000a\000r\000.\000h\000\040\000F\000i\000l\000e\000\040\000R\000e\000f\000e\000r\000e\000n\000c\000e}{chapter.4}% 62
\BOOKMARK [2][-]{subsection.4.3.1}{\376\377\0004\000.\0003\000.\0001\000\040\000M\000a\000c\000r\000o\000\040\000D\000e\000f\000i\000n\000i\000t\000i\000o\000n\000\040\000D\000o\000c\000u\000m\000e\000n\000t\000a\000t\000i\000o\000n}{section.4.3}% 63
\BOOKMARK [3][-]{subsubsection.4.3.1.1}{\376\377\0004\000.\0003\000.\0001\000.\0001\000\040\000C\000A\000P\000A\000C\000I\000T\000Y}{subsection.4.3.1}% 64
\BOOKMARK [2][-]{subsection.4.3.2}{\376\377\0004\000.\0003\000.\0002\000\040\000T\000y\000p\000e\000d\000e\000f\000\040\000D\000o\000c\000u\000m\000e\000n\000t\000a\000t\000i\000o\000n}{section.4.3}% 65
\BOOKMARK [3][-]{subsubsection.4.3.2.1}{\376\377\0004\000.\0003\000.\0002\000.\0001\000\040\000m\000y\000Q\000u\000e\000u\000e}{subsection.4.3.2}% 66
\BOOKMARK [2][-]{subsection.4.3.3}{\376\377\0004\000.\0003\000.\0003\000\040\000F\000u\000n\000c\000t\000i\000o\000n\000\040\000D\000o\000c\000u\000m\000e\000n\000t\000a\000t\000i\000o\000n}{section.4.3}% 67
\BOOKMARK [3][-]{subsubsection.4.3.3.1}{\376\377\0004\000.\0003\000.\0003\000.\0001\000\040\000c\000h\000e\000c\000k\000E\000m\000p\000t\000y\000\050\000\051}{subsection.4.3.3}% 68
\BOOKMARK [3][-]{subsubsection.4.3.3.2}{\376\377\0004\000.\0003\000.\0003\000.\0002\000\040\000c\000h\000e\000c\000k\000F\000u\000l\000l\000\050\000\051}{subsection.4.3.3}% 69
\BOOKMARK [3][-]{subsubsection.4.3.3.3}{\376\377\0004\000.\0003\000.\0003\000.\0003\000\040\000d\000e\000Q\000u\000e\000u\000e\000\050\000\051}{subsection.4.3.3}% 70
\BOOKMARK [3][-]{subsubsection.4.3.3.4}{\376\377\0004\000.\0003\000.\0003\000.\0004\000\040\000e\000n\000Q\000u\000e\000u\000e\000\050\000\051}{subsection.4.3.3}% 71
\BOOKMARK [3][-]{subsubsection.4.3.3.5}{\376\377\0004\000.\0003\000.\0003\000.\0005\000\040\000f\000r\000e\000e\000Q\000u\000e\000u\000e\000\050\000\051}{subsection.4.3.3}% 72
\BOOKMARK [3][-]{subsubsection.4.3.3.6}{\376\377\0004\000.\0003\000.\0003\000.\0006\000\040\000g\000e\000t\000C\000a\000p\000a\000c\000i\000t\000y\000\050\000\051}{subsection.4.3.3}% 73
\BOOKMARK [3][-]{subsubsection.4.3.3.7}{\376\377\0004\000.\0003\000.\0003\000.\0007\000\040\000g\000e\000t\000S\000i\000z\000e\000\050\000\051}{subsection.4.3.3}% 74
\BOOKMARK [3][-]{subsubsection.4.3.3.8}{\376\377\0004\000.\0003\000.\0003\000.\0008\000\040\000i\000n\000i\000c\000Q\000u\000e\000u\000e\000\050\000\051}{subsection.4.3.3}% 75
\BOOKMARK [3][-]{subsubsection.4.3.3.9}{\376\377\0004\000.\0003\000.\0003\000.\0009\000\040\000p\000r\000i\000n\000t\000Q\000u\000e\000u\000e\000\050\000\051}{subsection.4.3.3}% 76
\BOOKMARK [3][-]{subsubsection.4.3.3.10}{\376\377\0004\000.\0003\000.\0003\000.\0001\0000\000\040\000r\000e\000s\000i\000z\000e\000Q\000u\000e\000u\000e\000\050\000\051}{subsection.4.3.3}% 77
\BOOKMARK [1][-]{section.4.4}{\376\377\0004\000.\0004\000\040\000f\000i\000l\000a\000\137\000c\000i\000r\000c\000u\000l\000a\000r\000.\000h}{chapter.4}% 78
\BOOKMARK [1][-]{section.4.5}{\376\377\0004\000.\0005\000\040\000l\000c\000g\000r\000a\000n\000d\000.\000c\000\040\000F\000i\000l\000e\000\040\000R\000e\000f\000e\000r\000e\000n\000c\000e}{chapter.4}% 79
\BOOKMARK [2][-]{subsection.4.5.1}{\376\377\0004\000.\0005\000.\0001\000\040\000M\000a\000c\000r\000o\000\040\000D\000e\000f\000i\000n\000i\000t\000i\000o\000n\000\040\000D\000o\000c\000u\000m\000e\000n\000t\000a\000t\000i\000o\000n}{section.4.5}% 80
\BOOKMARK [3][-]{subsubsection.4.5.1.1}{\376\377\0004\000.\0005\000.\0001\000.\0001\000\040\000M\000O\000D\000L\000U\000S}{subsection.4.5.1}% 81
\BOOKMARK [3][-]{subsubsection.4.5.1.2}{\376\377\0004\000.\0005\000.\0001\000.\0002\000\040\000M\000U\000L\000T\0001}{subsection.4.5.1}% 82
\BOOKMARK [3][-]{subsubsection.4.5.1.3}{\376\377\0004\000.\0005\000.\0001\000.\0003\000\040\000M\000U\000L\000T\0002}{subsection.4.5.1}% 83
\BOOKMARK [2][-]{subsection.4.5.2}{\376\377\0004\000.\0005\000.\0002\000\040\000F\000u\000n\000c\000t\000i\000o\000n\000\040\000D\000o\000c\000u\000m\000e\000n\000t\000a\000t\000i\000o\000n}{section.4.5}% 84
\BOOKMARK [3][-]{subsubsection.4.5.2.1}{\376\377\0004\000.\0005\000.\0002\000.\0001\000\040\000l\000c\000g\000r\000a\000n\000d\000\050\000\051}{subsection.4.5.2}% 85
\BOOKMARK [3][-]{subsubsection.4.5.2.2}{\376\377\0004\000.\0005\000.\0002\000.\0002\000\040\000l\000c\000g\000r\000a\000n\000d\000g\000t\000\050\000\051}{subsection.4.5.2}% 86
\BOOKMARK [3][-]{subsubsection.4.5.2.3}{\376\377\0004\000.\0005\000.\0002\000.\0003\000\040\000l\000c\000g\000r\000a\000n\000d\000s\000t\000\050\000\051}{subsection.4.5.2}% 87
\BOOKMARK [1][-]{section.4.6}{\376\377\0004\000.\0006\000\040\000l\000c\000g\000r\000a\000n\000d\000.\000h\000\040\000F\000i\000l\000e\000\040\000R\000e\000f\000e\000r\000e\000n\000c\000e}{chapter.4}% 88
\BOOKMARK [2][-]{subsection.4.6.1}{\376\377\0004\000.\0006\000.\0001\000\040\000F\000u\000n\000c\000t\000i\000o\000n\000\040\000D\000o\000c\000u\000m\000e\000n\000t\000a\000t\000i\000o\000n}{section.4.6}% 89
\BOOKMARK [3][-]{subsubsection.4.6.1.1}{\376\377\0004\000.\0006\000.\0001\000.\0001\000\040\000l\000c\000g\000r\000a\000n\000d\000\050\000\051}{subsection.4.6.1}% 90
\BOOKMARK [3][-]{subsubsection.4.6.1.2}{\376\377\0004\000.\0006\000.\0001\000.\0002\000\040\000l\000c\000g\000r\000a\000n\000d\000g\000t\000\050\000\051}{subsection.4.6.1}% 91
\BOOKMARK [3][-]{subsubsection.4.6.1.3}{\376\377\0004\000.\0006\000.\0001\000.\0003\000\040\000l\000c\000g\000r\000a\000n\000d\000s\000t\000\050\000\051}{subsection.4.6.1}% 92
\BOOKMARK [1][-]{section.4.7}{\376\377\0004\000.\0007\000\040\000l\000c\000g\000r\000a\000n\000d\000.\000h}{chapter.4}% 93
\BOOKMARK [1][-]{section.4.8}{\376\377\0004\000.\0008\000\040\000t\000e\000s\000t\000a\000\137\000f\000i\000l\000a\000\137\000c\000i\000r\000c\000u\000l\000a\000r\000.\000c\000\040\000F\000i\000l\000e\000\040\000R\000e\000f\000e\000r\000e\000n\000c\000e}{chapter.4}% 94
\BOOKMARK [2][-]{subsection.4.8.1}{\376\377\0004\000.\0008\000.\0001\000\040\000F\000u\000n\000c\000t\000i\000o\000n\000\040\000D\000o\000c\000u\000m\000e\000n\000t\000a\000t\000i\000o\000n}{section.4.8}% 95
\BOOKMARK [3][-]{subsubsection.4.8.1.1}{\376\377\0004\000.\0008\000.\0001\000.\0001\000\040\000m\000a\000i\000n\000\050\000\051}{subsection.4.8.1}% 96
\BOOKMARK [0][-]{section*.15}{\376\377\000I\000n\000d\000e\000x}{}% 97
